<?xml version="1.0" encoding="utf-8"?><testsuites name="pytest tests"><testsuite name="pytest" errors="0" failures="1" skipped="0" tests="57" time="14.337" timestamp="2026-08-28T16:06:30.912502+00:00" hostname="agent-env-a2b7e61e-2e5f-4667-8e1f-d6ab1991aa9a"><testcase classname="tests.backend_test.TestPublic" name="test_settings" time="0.284" /><testcase classname="tests.backend_test.TestPublic" name="test_homepage" time="0.226" /><testcase classname="tests.backend_test.TestPublic" name="test_vehicles_list" time="0.064" /><testcase classname="tests.backend_test.TestAdminCRUD" name="test_vehicle_lifecycle" time="1.086" /><testcase classname="tests.backend_test.TestPublic" name="test_vehicles_filters" time="0.135" /><testcase classname="tests.backend_test.TestPublic" name="test_vehicle_detail_and_views_increment" time="0.185" /><testcase classname="tests.backend_test.TestPublic" name="test_vehicle_detail_404" time="0.062" /><testcase classname="tests.backend_test.TestPublic" name="test_compare_up_to_3" time="0.131" /><testcase classname="tests.backend_test.TestAdminCRUD" name="test_missing_required" time="0.069" /><testcase classname="tests.backend_test.TestPublic" name="test_compare_empty" time="0.056" /><testcase classname="tests.backend_test.TestPublic" name="test_lead_validation_short_name" time="0.074" /><testcase classname="tests.backend_test.TestAdminCRUD" name="test_settings_update" time="0.320" /><testcase classname="tests.backend_test.TestPublic" name="test_lead_validation_bad_whatsapp" time="0.060" /><testcase classname="tests.backend_test.TestPublic" name="test_lead_creation_and_dup" time="0.114" /><testcase classname="tests.backend_test.TestPublic" name="test_test_drive_invalid_slug" time="0.054" /><testcase classname="tests.backend_test.TestPublic" name="test_test_drive_success_creates_lead" time="0.170" /><testcase classname="tests.backend_test.TestAdminCRUD" name="test_homepage_update" time="0.376" /><testcase classname="tests.backend_test.TestPublic" name="test_financing_simulate" time="0.058" /><testcase classname="tests.backend_test.TestPublic" name="test_track_valid" time="0.060" /><testcase classname="tests.backend_test.TestPublic" name="test_track_invalid" time="0.056" /><testcase classname="tests.backend_test.TestPublic" name="test_sitemap" time="0.065" /><testcase classname="tests.backend_test.TestAdminCRUD" name="test_media_invalid_ext" time="0.080" /><testcase classname="tests.backend_test.TestAdminCRUD" name="test_media_upload_png" time="0.434" /><testcase classname="tests.backend_test.TestAdminCRUD" name="test_analytics_overview" time="0.084" /><testcase classname="tests.backend_test.TestRBAC" name="test_content_admin_can_list_vehicles" time="0.691" /><testcase classname="tests.backend_test.TestAdminCRUD" name="test_activity_logs" time="0.102" /><testcase classname="tests.backend_test.TestRBAC" name="test_content_admin_cannot_leads" time="0.098" /><testcase classname="tests.backend_test.TestRBAC" name="test_content_admin_cannot_settings" time="0.287" /><testcase classname="tests.backend_test.TestAdminCRUD" name="test_export_leads_csv" time="0.451" /><testcase classname="tests.backend_test.TestAdminCRUD" name="test_lead_status_change" time="0.386" /><testcase classname="tests.backend_test.TestRBAC" name="test_sales_admin_can_leads" time="0.459" /><testcase classname="tests.backend_test.TestAdminCRUD" name="test_lead_status_invalid" time="0.140" /><testcase classname="tests.backend_test.TestRBAC" name="test_sales_admin_cannot_vehicles" time="0.071" /><testcase classname="tests.backend_test.TestQuickImport" name="test_quick_import_forbidden_for_sales" time="0.071" /><testcase classname="tests.backend_test.TestQuickImport" name="test_quick_import_empty_422" time="0.259" /><testcase classname="tests.backend_test.TestQuickImport" name="test_quick_import_one_line_422" time="0.071" /><testcase classname="tests.backend_test.TestRBAC" name="test_analytics_admin_overview" time="0.534" /><testcase classname="tests.backend_test.TestQuickImport" name="test_quick_import_dry_run_and_apply" time="0.931" /><testcase classname="tests.backend_test.TestRBAC" name="test_analytics_admin_cannot_vehicles" time="0.097" /><testcase classname="tests.backend_test.TestAuth" name="test_login_super" time="0.382" /><testcase classname="tests.backend_test.TestAuth" name="test_login_wrong_password" time="0.376" /><testcase classname="tests.backend_test.TestAuth" name="test_brute_force_lockout_throwaway" time="0.944" /><testcase classname="tests.backend_test.TestQuickImport" name="test_quick_import_not_found" time="0.069" /><testcase classname="tests.backend_test.TestQuickImport" name="test_quick_import_bad_number" time="0.109" /><testcase classname="tests.backend_test.TestExampleData" name="test_example_flag_present" time="0.184" /><testcase classname="tests.backend_test.TestExampleData" name="test_lead_notification_email_setting" time="0.777"><failure message="AssertionError: assert 'lead_notification_email' in {'id': '6a915be18ff28775d2f9cd92', '_key': 'site_settings', 'brand': 'BYD', 'dealer_name': 'BYD BIPO', ...}">backend/tests/backend_test.py:509: in test_lead_notification_email_setting
    assert "lead_notification_email" in s
E   AssertionError: assert 'lead_notification_email' in {'id': '6a915be18ff28775d2f9cd92', '_key': 'site_settings', 'brand': 'BYD', 'dealer_name': 'BYD BIPO', ...}</failure></testcase><testcase classname="tests.backend_test.TestAuth" name="test_me_unauth" time="0.406" /><testcase classname="tests.backend_test.TestExampleData" name="test_draft_promo_exists_but_not_public" time="0.145" /><testcase classname="tests.backend_test.TestUsers" name="test_create_user_and_delete" time="0.475" /><testcase classname="tests.backend_test.TestCron" name="test_cron_no_auth" time="0.259" /><testcase classname="tests.backend_test.TestCron" name="test_cron_wrong_auth" time="0.162" /><testcase classname="tests.backend_test.TestCron" name="test_cron_ok_and_publishes_scheduled_article" time="3.313" /><testcase classname="tests.backend_test.TestUsers" name="test_cannot_delete_self" time="0.183" /><testcase classname="tests.backend_test.TestLeadNotification" name="test_lead_creation_still_201" time="0.163" /><testcase classname="tests.backend_test.TestLeadNotification" name="test_test_drive_still_201" time="0.322" /><testcase classname="tests.backend_test.TestCron" name="test_cron_idempotent" time="2.953" /><testcase classname="tests.backend_test.TestImport" name="test_import_run" time="1.026" /></testsuite></testsuites>