<?xml version="1.0" encoding="utf-8"?><testsuites name="pytest tests"><testsuite name="pytest" errors="10" failures="1" skipped="0" tests="42" time="5.029" timestamp="2026-08-28T10:09:43.064820+00:00" hostname="agent-env-a2b7e61e-2e5f-4667-8e1f-d6ab1991aa9a"><testcase classname="tests.backend_test.TestPublic" name="test_settings" time="0.401" /><testcase classname="tests.backend_test.TestAdminCRUD" name="test_vehicle_lifecycle" time="0.790" /><testcase classname="tests.backend_test.TestPublic" name="test_homepage" time="0.051" /><testcase classname="tests.backend_test.TestPublic" name="test_vehicles_list" time="0.061" /><testcase classname="tests.backend_test.TestPublic" name="test_vehicles_filters" time="0.151" /><testcase classname="tests.backend_test.TestPublic" name="test_vehicle_detail_and_views_increment" time="0.164" /><testcase classname="tests.backend_test.TestAdminCRUD" name="test_missing_required" time="0.041" /><testcase classname="tests.backend_test.TestPublic" name="test_vehicle_detail_404" time="0.102" /><testcase classname="tests.backend_test.TestAdminCRUD" name="test_settings_update" time="0.267" /><testcase classname="tests.backend_test.TestPublic" name="test_compare_up_to_3" time="0.105" /><testcase classname="tests.backend_test.TestPublic" name="test_compare_empty" time="0.088" /><testcase classname="tests.backend_test.TestAdminCRUD" name="test_homepage_update" time="0.236" /><testcase classname="tests.backend_test.TestPublic" name="test_lead_validation_short_name" time="0.055" /><testcase classname="tests.backend_test.TestPublic" name="test_lead_validation_bad_whatsapp" time="0.088" /><testcase classname="tests.backend_test.TestPublic" name="test_lead_creation_and_dup" time="0.147" /><testcase classname="tests.backend_test.TestAdminCRUD" name="test_media_invalid_ext" time="0.086" /><testcase classname="tests.backend_test.TestPublic" name="test_test_drive_invalid_slug" time="0.218" /><testcase classname="tests.backend_test.TestAdminCRUD" name="test_media_upload_png" time="0.211" /><testcase classname="tests.backend_test.TestAdminCRUD" name="test_analytics_overview" time="0.052" /><testcase classname="tests.backend_test.TestPublic" name="test_test_drive_success_creates_lead" time="0.109" /><testcase classname="tests.backend_test.TestAdminCRUD" name="test_activity_logs" time="0.056" /><testcase classname="tests.backend_test.TestPublic" name="test_financing_simulate" time="0.051" /><testcase classname="tests.backend_test.TestPublic" name="test_track_valid" time="0.057" /><testcase classname="tests.backend_test.TestPublic" name="test_track_invalid" time="0.062" /><testcase classname="tests.backend_test.TestAdminCRUD" name="test_export_leads_csv" time="0.140"><error message="failed on setup with &quot;AssertionError: Login failed for sales@bydbipo.test: 422 {&quot;detail&quot;:[{&quot;type&quot;:&quot;value_error&quot;,&quot;loc&quot;:[&quot;body&quot;,&quot;email&quot;],&quot;msg&quot;:&quot;value is not a valid email address: The part after the @-sign is a special-use or reserved name that cannot be used with email.&quot;,&quot;input&quot;:&#10;assert 422 == 200&#10; +  where 422 = &lt;Response [422]&gt;.status_code&quot;">E   AssertionError: Login failed for sales@bydbipo.test: 422 {"detail":[{"type":"value_error","loc":["body","email"],"msg":"value is not a valid email address: The part after the @-sign is a special-use or reserved name that cannot be used with email.","input":
    assert 422 == 200
     +  where 422 = &lt;Response [422]&gt;.status_code</error></testcase><testcase classname="tests.backend_test.TestAdminCRUD" name="test_lead_status_change" time="0.000"><error message="failed on setup with &quot;AssertionError: Login failed for sales@bydbipo.test: 422 {&quot;detail&quot;:[{&quot;type&quot;:&quot;value_error&quot;,&quot;loc&quot;:[&quot;body&quot;,&quot;email&quot;],&quot;msg&quot;:&quot;value is not a valid email address: The part after the @-sign is a special-use or reserved name that cannot be used with email.&quot;,&quot;input&quot;:&#10;assert 422 == 200&#10; +  where 422 = &lt;Response [422]&gt;.status_code&quot;">E   AssertionError: Login failed for sales@bydbipo.test: 422 {"detail":[{"type":"value_error","loc":["body","email"],"msg":"value is not a valid email address: The part after the @-sign is a special-use or reserved name that cannot be used with email.","input":
    assert 422 == 200
     +  where 422 = &lt;Response [422]&gt;.status_code</error></testcase><testcase classname="tests.backend_test.TestAdminCRUD" name="test_lead_status_invalid" time="0.000"><error message="failed on setup with &quot;AssertionError: Login failed for sales@bydbipo.test: 422 {&quot;detail&quot;:[{&quot;type&quot;:&quot;value_error&quot;,&quot;loc&quot;:[&quot;body&quot;,&quot;email&quot;],&quot;msg&quot;:&quot;value is not a valid email address: The part after the @-sign is a special-use or reserved name that cannot be used with email.&quot;,&quot;input&quot;:&#10;assert 422 == 200&#10; +  where 422 = &lt;Response [422]&gt;.status_code&quot;">E   AssertionError: Login failed for sales@bydbipo.test: 422 {"detail":[{"type":"value_error","loc":["body","email"],"msg":"value is not a valid email address: The part after the @-sign is a special-use or reserved name that cannot be used with email.","input":
    assert 422 == 200
     +  where 422 = &lt;Response [422]&gt;.status_code</error></testcase><testcase classname="tests.backend_test.TestAuth" name="test_login_super" time="0.084" /><testcase classname="tests.backend_test.TestPublic" name="test_sitemap" time="0.063" /><testcase classname="tests.backend_test.TestAuth" name="test_login_wrong_password" time="0.320" /><testcase classname="tests.backend_test.TestAuth" name="test_brute_force_lockout_throwaway" time="1.767"><failure message="AssertionError: expected 429 in [401, 401, 401, 401, 401, 401]&#10;assert 429 in [401, 401, 401, 401, 401, 401]">E   AssertionError: expected 429 in [401, 401, 401, 401, 401, 401]
    assert 429 in [401, 401, 401, 401, 401, 401]</failure></testcase><testcase classname="tests.backend_test.TestRBAC" name="test_content_admin_can_list_vehicles" time="0.323"><error message="failed on setup with &quot;AssertionError: Login failed for content@bydbipo.test: 422 {&quot;detail&quot;:[{&quot;type&quot;:&quot;value_error&quot;,&quot;loc&quot;:[&quot;body&quot;,&quot;email&quot;],&quot;msg&quot;:&quot;value is not a valid email address: The part after the @-sign is a special-use or reserved name that cannot be used with email.&quot;,&quot;input&quot;:&#10;assert 422 == 200&#10; +  where 422 = &lt;Response [422]&gt;.status_code&quot;">E   AssertionError: Login failed for content@bydbipo.test: 422 {"detail":[{"type":"value_error","loc":["body","email"],"msg":"value is not a valid email address: The part after the @-sign is a special-use or reserved name that cannot be used with email.","input":
    assert 422 == 200
     +  where 422 = &lt;Response [422]&gt;.status_code</error></testcase><testcase classname="tests.backend_test.TestRBAC" name="test_content_admin_cannot_leads" time="0.000"><error message="failed on setup with &quot;AssertionError: Login failed for content@bydbipo.test: 422 {&quot;detail&quot;:[{&quot;type&quot;:&quot;value_error&quot;,&quot;loc&quot;:[&quot;body&quot;,&quot;email&quot;],&quot;msg&quot;:&quot;value is not a valid email address: The part after the @-sign is a special-use or reserved name that cannot be used with email.&quot;,&quot;input&quot;:&#10;assert 422 == 200&#10; +  where 422 = &lt;Response [422]&gt;.status_code&quot;">E   AssertionError: Login failed for content@bydbipo.test: 422 {"detail":[{"type":"value_error","loc":["body","email"],"msg":"value is not a valid email address: The part after the @-sign is a special-use or reserved name that cannot be used with email.","input":
    assert 422 == 200
     +  where 422 = &lt;Response [422]&gt;.status_code</error></testcase><testcase classname="tests.backend_test.TestRBAC" name="test_content_admin_cannot_settings" time="0.000"><error message="failed on setup with &quot;AssertionError: Login failed for content@bydbipo.test: 422 {&quot;detail&quot;:[{&quot;type&quot;:&quot;value_error&quot;,&quot;loc&quot;:[&quot;body&quot;,&quot;email&quot;],&quot;msg&quot;:&quot;value is not a valid email address: The part after the @-sign is a special-use or reserved name that cannot be used with email.&quot;,&quot;input&quot;:&#10;assert 422 == 200&#10; +  where 422 = &lt;Response [422]&gt;.status_code&quot;">E   AssertionError: Login failed for content@bydbipo.test: 422 {"detail":[{"type":"value_error","loc":["body","email"],"msg":"value is not a valid email address: The part after the @-sign is a special-use or reserved name that cannot be used with email.","input":
    assert 422 == 200
     +  where 422 = &lt;Response [422]&gt;.status_code</error></testcase><testcase classname="tests.backend_test.TestRBAC" name="test_sales_admin_can_leads" time="0.143"><error message="failed on setup with &quot;AssertionError: Login failed for sales@bydbipo.test: 422 {&quot;detail&quot;:[{&quot;type&quot;:&quot;value_error&quot;,&quot;loc&quot;:[&quot;body&quot;,&quot;email&quot;],&quot;msg&quot;:&quot;value is not a valid email address: The part after the @-sign is a special-use or reserved name that cannot be used with email.&quot;,&quot;input&quot;:&#10;assert 422 == 200&#10; +  where 422 = &lt;Response [422]&gt;.status_code&quot;">E   AssertionError: Login failed for sales@bydbipo.test: 422 {"detail":[{"type":"value_error","loc":["body","email"],"msg":"value is not a valid email address: The part after the @-sign is a special-use or reserved name that cannot be used with email.","input":
    assert 422 == 200
     +  where 422 = &lt;Response [422]&gt;.status_code</error></testcase><testcase classname="tests.backend_test.TestRBAC" name="test_sales_admin_cannot_vehicles" time="0.000"><error message="failed on setup with &quot;AssertionError: Login failed for sales@bydbipo.test: 422 {&quot;detail&quot;:[{&quot;type&quot;:&quot;value_error&quot;,&quot;loc&quot;:[&quot;body&quot;,&quot;email&quot;],&quot;msg&quot;:&quot;value is not a valid email address: The part after the @-sign is a special-use or reserved name that cannot be used with email.&quot;,&quot;input&quot;:&#10;assert 422 == 200&#10; +  where 422 = &lt;Response [422]&gt;.status_code&quot;">E   AssertionError: Login failed for sales@bydbipo.test: 422 {"detail":[{"type":"value_error","loc":["body","email"],"msg":"value is not a valid email address: The part after the @-sign is a special-use or reserved name that cannot be used with email.","input":
    assert 422 == 200
     +  where 422 = &lt;Response [422]&gt;.status_code</error></testcase><testcase classname="tests.backend_test.TestRBAC" name="test_analytics_admin_overview" time="0.097"><error message="failed on setup with &quot;AssertionError: Login failed for analytics@bydbipo.test: 422 {&quot;detail&quot;:[{&quot;type&quot;:&quot;value_error&quot;,&quot;loc&quot;:[&quot;body&quot;,&quot;email&quot;],&quot;msg&quot;:&quot;value is not a valid email address: The part after the @-sign is a special-use or reserved name that cannot be used with email.&quot;,&quot;input&quot;:&#10;assert 422 == 200&#10; +  where 422 = &lt;Response [422]&gt;.status_code&quot;">E   AssertionError: Login failed for analytics@bydbipo.test: 422 {"detail":[{"type":"value_error","loc":["body","email"],"msg":"value is not a valid email address: The part after the @-sign is a special-use or reserved name that cannot be used with email.","input":
    assert 422 == 200
     +  where 422 = &lt;Response [422]&gt;.status_code</error></testcase><testcase classname="tests.backend_test.TestRBAC" name="test_analytics_admin_cannot_vehicles" time="0.000"><error message="failed on setup with &quot;AssertionError: Login failed for analytics@bydbipo.test: 422 {&quot;detail&quot;:[{&quot;type&quot;:&quot;value_error&quot;,&quot;loc&quot;:[&quot;body&quot;,&quot;email&quot;],&quot;msg&quot;:&quot;value is not a valid email address: The part after the @-sign is a special-use or reserved name that cannot be used with email.&quot;,&quot;input&quot;:&#10;assert 422 == 200&#10; +  where 422 = &lt;Response [422]&gt;.status_code&quot;">E   AssertionError: Login failed for analytics@bydbipo.test: 422 {"detail":[{"type":"value_error","loc":["body","email"],"msg":"value is not a valid email address: The part after the @-sign is a special-use or reserved name that cannot be used with email.","input":
    assert 422 == 200
     +  where 422 = &lt;Response [422]&gt;.status_code</error></testcase><testcase classname="tests.backend_test.TestImport" name="test_import_run" time="1.402" /><testcase classname="tests.backend_test.TestAuth" name="test_me_unauth" time="0.094" /><testcase classname="tests.backend_test.TestUsers" name="test_create_user_and_delete" time="0.397" /><testcase classname="tests.backend_test.TestUsers" name="test_cannot_delete_self" time="0.124" /></testsuite></testsuites>